2019-01-14 19:14:15,814 - 
2019-01-14 19:14:15,814 - DfFlutistLog4JLogSystem initialized using logfile './log/velocity.log'
2019-01-14 19:14:15,814 - Initializing Velocity, Calling init()...
2019-01-14 19:14:15,814 - *******************************************************************
2019-01-14 19:14:15,814 - Starting Apache Velocity v1.7 (compiled: 2010-11-19 12:14:37)
2019-01-14 19:14:15,814 - RuntimeInstance initializing.
2019-01-14 19:14:15,814 - Default Properties File: org\apache\velocity\runtime\defaults\velocity.properties
2019-01-14 19:14:15,814 - Trying to use logger class org.dbflute.friends.velocity.DfFlutistLog4JLogSystem
2019-01-14 19:14:15,814 - Using logger class org.dbflute.friends.velocity.DfFlutistLog4JLogSystem
2019-01-14 19:14:15,829 - Default ResourceManager initializing. (class org.apache.velocity.runtime.resource.ResourceManagerImpl)
2019-01-14 19:14:15,834 - ResourceLoader instantiated: org.apache.velocity.runtime.resource.loader.FileResourceLoader
2019-01-14 19:14:15,839 - FileResourceLoader : initialization starting.
2019-01-14 19:14:15,839 - Do unicode file recognition:  false
2019-01-14 19:14:15,839 - FileResourceLoader : adding path 'C:\Users\OWNER\Downloads\pleiades-4.8.0-java-win-64bit-jre_20180923\pleiades\workspace\poker\mydbflute\dbflute-1.1.9\templates'
2019-01-14 19:14:15,839 - FileResourceLoader : initialization complete.
2019-01-14 19:14:15,849 - ResourceCache: initialized (class org.apache.velocity.runtime.resource.ResourceCacheImpl) with class java.util.Collections$SynchronizedMap cache map.
2019-01-14 19:14:15,849 - Default ResourceManager initialization complete.
2019-01-14 19:14:15,854 - Loaded System Directive: org.apache.velocity.runtime.directive.Stop
2019-01-14 19:14:15,859 - Loaded System Directive: org.apache.velocity.runtime.directive.Define
2019-01-14 19:14:15,859 - Loaded System Directive: org.apache.velocity.runtime.directive.Break
2019-01-14 19:14:15,859 - Loaded System Directive: org.apache.velocity.runtime.directive.Evaluate
2019-01-14 19:14:15,864 - Loaded System Directive: org.apache.velocity.runtime.directive.Literal
2019-01-14 19:14:15,864 - Loaded System Directive: org.apache.velocity.runtime.directive.Macro
2019-01-14 19:14:15,869 - Loaded System Directive: org.apache.velocity.runtime.directive.Parse
2019-01-14 19:14:15,869 - Loaded System Directive: org.apache.velocity.runtime.directive.Include
2019-01-14 19:14:15,874 - Loaded System Directive: org.apache.velocity.runtime.directive.Foreach
2019-01-14 19:14:15,909 - Created '20' parsers.
2019-01-14 19:14:15,929 - Velocimacro : initialization starting.
2019-01-14 19:14:15,929 - Velocimacro : "velocimacro.library" is not set.  Trying default library: VM_global_library.vm
2019-01-14 19:14:15,929 - Velocimacro : Default library not found.
2019-01-14 19:14:15,929 - Velocimacro : allowInline = true : VMs can be defined inline in templates
2019-01-14 19:14:15,929 - Velocimacro : allowInlineToOverride = false : VMs defined inline may NOT replace previous VM definitions
2019-01-14 19:14:15,929 - Velocimacro : allowInlineLocal = false : VMs defined inline will be global in scope if allowed.
2019-01-14 19:14:15,929 - Velocimacro : autoload off : VM system will not automatically reload global library macros
2019-01-14 19:14:15,929 - Velocimacro : Velocimacro : initialization complete.
2019-01-14 19:14:15,929 - RuntimeInstance successfully initialized.
2019-01-14 19:14:15,959 - ResourceManager : found doc/ControlDocument.vm with loader org.apache.velocity.runtime.resource.loader.FileResourceLoader
2019-01-14 19:14:16,099 - Velocimacro : added VM escape: source=doc/html/datamodel.vm
2019-01-14 19:14:16,099 - ResourceManager : found doc/html/datamodel.vm with loader org.apache.velocity.runtime.resource.loader.FileResourceLoader
2019-01-14 19:14:16,164 - ResourceManager : found doc/html/table.vm with loader org.apache.velocity.runtime.resource.loader.FileResourceLoader
2019-01-14 19:14:16,184 - ResourceManager : found doc/html/table.vm with loader org.apache.velocity.runtime.resource.loader.FileResourceLoader
2019-01-14 19:14:16,214 - Velocimacro : VM addition rejected : escape : inline not allowed to replace existing VM
2019-01-14 19:14:16,214 - ResourceManager : found doc/html/diffmodel.vm with loader org.apache.velocity.runtime.resource.loader.FileResourceLoader
2019-01-14 19:14:22,372 - 
2019-01-14 19:14:22,372 - DfFlutistLog4JLogSystem initialized using logfile './log/velocity.log'
2019-01-14 19:14:22,372 - Initializing Velocity, Calling init()...
2019-01-14 19:14:22,372 - *******************************************************************
2019-01-14 19:14:22,372 - Starting Apache Velocity v1.7 (compiled: 2010-11-19 12:14:37)
2019-01-14 19:14:22,372 - RuntimeInstance initializing.
2019-01-14 19:14:22,372 - Default Properties File: org\apache\velocity\runtime\defaults\velocity.properties
2019-01-14 19:14:22,372 - Trying to use logger class org.dbflute.friends.velocity.DfFlutistLog4JLogSystem
2019-01-14 19:14:22,372 - Using logger class org.dbflute.friends.velocity.DfFlutistLog4JLogSystem
2019-01-14 19:14:22,377 - Default ResourceManager initializing. (class org.apache.velocity.runtime.resource.ResourceManagerImpl)
2019-01-14 19:14:22,382 - ResourceLoader instantiated: org.apache.velocity.runtime.resource.loader.FileResourceLoader
2019-01-14 19:14:22,387 - FileResourceLoader : initialization starting.
2019-01-14 19:14:22,387 - Do unicode file recognition:  false
2019-01-14 19:14:22,387 - FileResourceLoader : adding path 'C:\Users\OWNER\Downloads\pleiades-4.8.0-java-win-64bit-jre_20180923\pleiades\workspace\poker\mydbflute\dbflute-1.1.9\templates'
2019-01-14 19:14:22,387 - FileResourceLoader : initialization complete.
2019-01-14 19:14:22,397 - ResourceCache: initialized (class org.apache.velocity.runtime.resource.ResourceCacheImpl) with class java.util.Collections$SynchronizedMap cache map.
2019-01-14 19:14:22,397 - Default ResourceManager initialization complete.
2019-01-14 19:14:22,397 - Loaded System Directive: org.apache.velocity.runtime.directive.Stop
2019-01-14 19:14:22,402 - Loaded System Directive: org.apache.velocity.runtime.directive.Define
2019-01-14 19:14:22,402 - Loaded System Directive: org.apache.velocity.runtime.directive.Break
2019-01-14 19:14:22,402 - Loaded System Directive: org.apache.velocity.runtime.directive.Evaluate
2019-01-14 19:14:22,407 - Loaded System Directive: org.apache.velocity.runtime.directive.Literal
2019-01-14 19:14:22,407 - Loaded System Directive: org.apache.velocity.runtime.directive.Macro
2019-01-14 19:14:22,412 - Loaded System Directive: org.apache.velocity.runtime.directive.Parse
2019-01-14 19:14:22,412 - Loaded System Directive: org.apache.velocity.runtime.directive.Include
2019-01-14 19:14:22,417 - Loaded System Directive: org.apache.velocity.runtime.directive.Foreach
2019-01-14 19:14:22,452 - Created '20' parsers.
2019-01-14 19:14:22,472 - Velocimacro : initialization starting.
2019-01-14 19:14:22,472 - Velocimacro : "velocimacro.library" is not set.  Trying default library: VM_global_library.vm
2019-01-14 19:14:22,472 - Velocimacro : Default library not found.
2019-01-14 19:14:22,472 - Velocimacro : allowInline = true : VMs can be defined inline in templates
2019-01-14 19:14:22,472 - Velocimacro : allowInlineToOverride = false : VMs defined inline may NOT replace previous VM definitions
2019-01-14 19:14:22,472 - Velocimacro : allowInlineLocal = false : VMs defined inline will be global in scope if allowed.
2019-01-14 19:14:22,472 - Velocimacro : autoload off : VM system will not automatically reload global library macros
2019-01-14 19:14:22,472 - Velocimacro : Velocimacro : initialization complete.
2019-01-14 19:14:22,472 - RuntimeInstance successfully initialized.
2019-01-14 19:14:22,547 - ResourceManager : found om/ControlGenerateJava.vm with loader org.apache.velocity.runtime.resource.loader.FileResourceLoader
2019-01-14 19:14:22,647 - ResourceManager : found om/java/allcommon/DBCurrent.vm with loader org.apache.velocity.runtime.resource.loader.FileResourceLoader
2019-01-14 19:14:22,667 - ResourceManager : found om/java/allcommon/DBFluteConfig.vm with loader org.apache.velocity.runtime.resource.loader.FileResourceLoader
2019-01-14 19:14:22,672 - Null reference [template 'om/java/allcommon/DBFluteConfig.vm', line 1158, column 59] : $PoolGuardConnectionWrapper cannot be resolved.
2019-01-14 19:14:22,682 - ResourceManager : found om/java/allcommon/DBFluteInitializer.vm with loader org.apache.velocity.runtime.resource.loader.FileResourceLoader
2019-01-14 19:14:22,692 - ResourceManager : found om/java/allcommon/DBMetaInstanceHandler.vm with loader org.apache.velocity.runtime.resource.loader.FileResourceLoader
2019-01-14 19:14:22,717 - ResourceManager : found om/java/allcommon/EntityDefinedCommonColumn.vm with loader org.apache.velocity.runtime.resource.loader.FileResourceLoader
2019-01-14 19:14:22,727 - ResourceManager : found om/java/allcommon/ImplementedBehaviorSelector.vm with loader org.apache.velocity.runtime.resource.loader.FileResourceLoader
2019-01-14 19:14:22,732 - ResourceManager : found om/java/allcommon/ImplementedCommonColumnAutoSetupper.vm with loader org.apache.velocity.runtime.resource.loader.FileResourceLoader
2019-01-14 19:14:22,732 - ResourceManager : found om/java/allcommon/ImplementedInvokerAssistant.vm with loader org.apache.velocity.runtime.resource.loader.FileResourceLoader
2019-01-14 19:14:22,737 - ResourceManager : found om/java/allcommon/ImplementedSqlClauseCreator.vm with loader org.apache.velocity.runtime.resource.loader.FileResourceLoader
2019-01-14 19:14:22,751 - ResourceManager : found om/java/allcommon/container/spring/SpringDBFluteBeansJavaConfig.vm with loader org.apache.velocity.runtime.resource.loader.FileResourceLoader
2019-01-14 19:14:22,801 - Null reference [template 'om/ControlGenerateJava.vm', line 293, column 38] : ${glPackageExtendedDao} cannot be resolved.
2019-01-14 19:14:22,801 - Null reference [template 'om/ControlGenerateJava.vm', line 296, column 34] : ${glPackageBaseDao} cannot be resolved.
2019-01-14 19:14:22,821 - ResourceManager : found om/java/bsbhv/BaseBhv.vm with loader org.apache.velocity.runtime.resource.loader.FileResourceLoader
2019-01-14 19:14:22,851 - ResourceManager : found om/java/bsbhv/ReferrerLoader.vm with loader org.apache.velocity.runtime.resource.loader.FileResourceLoader
2019-01-14 19:14:22,866 - ResourceManager : found om/java/bsentity/BaseEntity.vm with loader org.apache.velocity.runtime.resource.loader.FileResourceLoader
2019-01-14 19:14:22,891 - ResourceManager : found om/java/bsentity/dbmeta/DBMetaImpl.vm with loader org.apache.velocity.runtime.resource.loader.FileResourceLoader
2019-01-14 19:14:22,901 - ResourceManager : found om/java/exbhv/ExtendedBhv.vm with loader org.apache.velocity.runtime.resource.loader.FileResourceLoader
2019-01-14 19:14:22,906 - ResourceManager : found om/java/exentity/ExtendedEntity.vm with loader org.apache.velocity.runtime.resource.loader.FileResourceLoader
2019-01-14 19:14:22,916 - ResourceManager : found om/java/cbean/BsConditionBean.vm with loader org.apache.velocity.runtime.resource.loader.FileResourceLoader
2019-01-14 19:14:22,921 - Null reference [template 'om/java/cbean/BsConditionBean.vm', line 442, column 118] : ${dynamicFixedConditionVariables} cannot be resolved.
2019-01-14 19:14:22,941 - ResourceManager : found om/java/cbean/AbstractBsConditionQuery.vm with loader org.apache.velocity.runtime.resource.loader.FileResourceLoader
2019-01-14 19:14:22,946 - RHS of #set statement is null. Context will not be modified. om/java/cbean/AbstractBsConditionQuery.vm[line 70, column 1]
2019-01-14 19:14:22,946 - RHS of #set statement is null. Context will not be modified. om/java/cbean/AbstractBsConditionQuery.vm[line 70, column 1]
2019-01-14 19:14:22,951 - RHS of #set statement is null. Context will not be modified. om/java/cbean/AbstractBsConditionQuery.vm[line 70, column 1]
2019-01-14 19:14:22,956 - ResourceManager : found om/java/cbean/BsConditionInlineQuery.vm with loader org.apache.velocity.runtime.resource.loader.FileResourceLoader
2019-01-14 19:14:22,956 - RHS of #set statement is null. Context will not be modified. om/java/cbean/BsConditionInlineQuery.vm[line 84, column 1]
2019-01-14 19:14:22,956 - RHS of #set statement is null. Context will not be modified. om/java/cbean/BsConditionInlineQuery.vm[line 84, column 1]
2019-01-14 19:14:22,956 - RHS of #set statement is null. Context will not be modified. om/java/cbean/BsConditionInlineQuery.vm[line 84, column 1]
2019-01-14 19:14:22,971 - ResourceManager : found om/java/cbean/BsConditionQuery.vm with loader org.apache.velocity.runtime.resource.loader.FileResourceLoader
2019-01-14 19:14:22,971 - RHS of #set statement is null. Context will not be modified. om/java/cbean/BsConditionQuery.vm[line 104, column 1]
2019-01-14 19:14:22,971 - RHS of #set statement is null. Context will not be modified. om/java/cbean/BsConditionQuery.vm[line 104, column 1]
2019-01-14 19:14:22,971 - RHS of #set statement is null. Context will not be modified. om/java/cbean/BsConditionQuery.vm[line 104, column 1]
2019-01-14 19:14:22,976 - ResourceManager : found om/java/cbean/NestSelectSetupper.vm with loader org.apache.velocity.runtime.resource.loader.FileResourceLoader
2019-01-14 19:14:22,981 - ResourceManager : found om/java/cbean/ExConditionBean.vm with loader org.apache.velocity.runtime.resource.loader.FileResourceLoader
2019-01-14 19:14:22,986 - ResourceManager : found om/java/cbean/ExConditionQuery.vm with loader org.apache.velocity.runtime.resource.loader.FileResourceLoader
2019-01-14 19:14:22,986 - Null reference [template 'om/ControlGenerateJava.vm', line 293, column 38] : ${glPackageExtendedDao} cannot be resolved.
2019-01-14 19:14:22,986 - Null reference [template 'om/ControlGenerateJava.vm', line 296, column 34] : ${glPackageBaseDao} cannot be resolved.
2019-01-14 19:14:22,996 - ResourceManager : found om/java/bsbhv/BaseBhv.vm with loader org.apache.velocity.runtime.resource.loader.FileResourceLoader
2019-01-14 19:14:23,011 - ResourceManager : found om/java/bsbhv/ReferrerLoader.vm with loader org.apache.velocity.runtime.resource.loader.FileResourceLoader
2019-01-14 19:14:23,016 - ResourceManager : found om/java/bsentity/BaseEntity.vm with loader org.apache.velocity.runtime.resource.loader.FileResourceLoader
2019-01-14 19:14:23,026 - ResourceManager : found om/java/bsentity/dbmeta/DBMetaImpl.vm with loader org.apache.velocity.runtime.resource.loader.FileResourceLoader
2019-01-14 19:14:23,031 - ResourceManager : found om/java/exbhv/ExtendedBhv.vm with loader org.apache.velocity.runtime.resource.loader.FileResourceLoader
2019-01-14 19:14:23,036 - ResourceManager : found om/java/exentity/ExtendedEntity.vm with loader org.apache.velocity.runtime.resource.loader.FileResourceLoader
2019-01-14 19:14:23,041 - ResourceManager : found om/java/cbean/BsConditionBean.vm with loader org.apache.velocity.runtime.resource.loader.FileResourceLoader
2019-01-14 19:14:23,056 - ResourceManager : found om/java/cbean/AbstractBsConditionQuery.vm with loader org.apache.velocity.runtime.resource.loader.FileResourceLoader
2019-01-14 19:14:23,056 - RHS of #set statement is null. Context will not be modified. om/java/cbean/AbstractBsConditionQuery.vm[line 70, column 1]
2019-01-14 19:14:23,071 - ResourceManager : found om/java/cbean/BsConditionInlineQuery.vm with loader org.apache.velocity.runtime.resource.loader.FileResourceLoader
2019-01-14 19:14:23,071 - RHS of #set statement is null. Context will not be modified. om/java/cbean/BsConditionInlineQuery.vm[line 84, column 1]
2019-01-14 19:14:23,081 - ResourceManager : found om/java/cbean/BsConditionQuery.vm with loader org.apache.velocity.runtime.resource.loader.FileResourceLoader
2019-01-14 19:14:23,081 - RHS of #set statement is null. Context will not be modified. om/java/cbean/BsConditionQuery.vm[line 104, column 1]
2019-01-14 19:14:23,086 - ResourceManager : found om/java/cbean/NestSelectSetupper.vm with loader org.apache.velocity.runtime.resource.loader.FileResourceLoader
2019-01-14 19:14:23,086 - ResourceManager : found om/java/cbean/ExConditionBean.vm with loader org.apache.velocity.runtime.resource.loader.FileResourceLoader
2019-01-14 19:14:23,086 - ResourceManager : found om/java/cbean/ExConditionQuery.vm with loader org.apache.velocity.runtime.resource.loader.FileResourceLoader
2019-01-14 19:14:28,018 - 
2019-01-14 19:14:28,018 - DfFlutistLog4JLogSystem initialized using logfile './log/velocity.log'
2019-01-14 19:14:28,018 - Initializing Velocity, Calling init()...
2019-01-14 19:14:28,018 - *******************************************************************
2019-01-14 19:14:28,018 - Starting Apache Velocity v1.7 (compiled: 2010-11-19 12:14:37)
2019-01-14 19:14:28,018 - RuntimeInstance initializing.
2019-01-14 19:14:28,018 - Default Properties File: org\apache\velocity\runtime\defaults\velocity.properties
2019-01-14 19:14:28,018 - Trying to use logger class org.dbflute.friends.velocity.DfFlutistLog4JLogSystem
2019-01-14 19:14:28,018 - Using logger class org.dbflute.friends.velocity.DfFlutistLog4JLogSystem
2019-01-14 19:14:28,023 - Default ResourceManager initializing. (class org.apache.velocity.runtime.resource.ResourceManagerImpl)
2019-01-14 19:14:28,028 - ResourceLoader instantiated: org.apache.velocity.runtime.resource.loader.FileResourceLoader
2019-01-14 19:14:28,033 - FileResourceLoader : initialization starting.
2019-01-14 19:14:28,033 - Do unicode file recognition:  false
2019-01-14 19:14:28,033 - FileResourceLoader : adding path 'C:\Users\OWNER\Downloads\pleiades-4.8.0-java-win-64bit-jre_20180923\pleiades\workspace\poker\mydbflute\dbflute-1.1.9\templates'
2019-01-14 19:14:28,033 - FileResourceLoader : initialization complete.
2019-01-14 19:14:28,043 - ResourceCache: initialized (class org.apache.velocity.runtime.resource.ResourceCacheImpl) with class java.util.Collections$SynchronizedMap cache map.
2019-01-14 19:14:28,043 - Default ResourceManager initialization complete.
2019-01-14 19:14:28,043 - Loaded System Directive: org.apache.velocity.runtime.directive.Stop
2019-01-14 19:14:28,048 - Loaded System Directive: org.apache.velocity.runtime.directive.Define
2019-01-14 19:14:28,048 - Loaded System Directive: org.apache.velocity.runtime.directive.Break
2019-01-14 19:14:28,048 - Loaded System Directive: org.apache.velocity.runtime.directive.Evaluate
2019-01-14 19:14:28,053 - Loaded System Directive: org.apache.velocity.runtime.directive.Literal
2019-01-14 19:14:28,053 - Loaded System Directive: org.apache.velocity.runtime.directive.Macro
2019-01-14 19:14:28,058 - Loaded System Directive: org.apache.velocity.runtime.directive.Parse
2019-01-14 19:14:28,058 - Loaded System Directive: org.apache.velocity.runtime.directive.Include
2019-01-14 19:14:28,058 - Loaded System Directive: org.apache.velocity.runtime.directive.Foreach
2019-01-14 19:14:28,098 - Created '20' parsers.
2019-01-14 19:14:28,113 - Velocimacro : initialization starting.
2019-01-14 19:14:28,113 - Velocimacro : "velocimacro.library" is not set.  Trying default library: VM_global_library.vm
2019-01-14 19:14:28,113 - Velocimacro : Default library not found.
2019-01-14 19:14:28,118 - Velocimacro : allowInline = true : VMs can be defined inline in templates
2019-01-14 19:14:28,118 - Velocimacro : allowInlineToOverride = false : VMs defined inline may NOT replace previous VM definitions
2019-01-14 19:14:28,118 - Velocimacro : allowInlineLocal = false : VMs defined inline will be global in scope if allowed.
2019-01-14 19:14:28,118 - Velocimacro : autoload off : VM system will not automatically reload global library macros
2019-01-14 19:14:28,118 - Velocimacro : Velocimacro : initialization complete.
2019-01-14 19:14:28,118 - RuntimeInstance successfully initialized.
2019-01-14 19:14:28,173 - ResourceManager : found om/ControlSql2EntityJava.vm with loader org.apache.velocity.runtime.resource.loader.FileResourceLoader
